Determining if the pthread_create exist failed with the following output:
Change Dir: /home/tomas/probot_g602_ws/build/CMakeFiles/CMakeTmp

Run Build Command:"/usr/bin/make" "cmTC_846c3/fast"
/usr/bin/make -f CMakeFiles/cmTC_846c3.dir/build.make CMakeFiles/cmTC_846c3.dir/build
make[1]: se entra en el directorio '/home/tomas/probot_g602_ws/build/CMakeFiles/CMakeTmp'
Building C object CMakeFiles/cmTC_846c3.dir/CheckSymbolExists.c.o
/usr/bin/cc    -o CMakeFiles/cmTC_846c3.dir/CheckSymbolExists.c.o   -c /home/tomas/probot_g602_ws/build/CMakeFiles/CMakeTmp/CheckSymbolExists.c
Linking C executable cmTC_846c3
/usr/bin/cmake -E cmake_link_script CMakeFiles/cmTC_846c3.dir/link.txt --verbose=1
/usr/bin/cc      -rdynamic CMakeFiles/cmTC_846c3.dir/CheckSymbolExists.c.o  -o cmTC_846c3 
CMakeFiles/cmTC_846c3.dir/CheckSymbolExists.c.o: En la función `main':
CheckSymbolExists.c:(.text+0x1b): referencia a `pthread_create' sin definir
collect2: error: ld returned 1 exit status
CMakeFiles/cmTC_846c3.dir/build.make:97: fallo en las instrucciones para el objetivo 'cmTC_846c3'
make[1]: *** [cmTC_846c3] Error 1
make[1]: se sale del directorio '/home/tomas/probot_g602_ws/build/CMakeFiles/CMakeTmp'
Makefile:126: fallo en las instrucciones para el objetivo 'cmTC_846c3/fast'
make: *** [cmTC_846c3/fast] Error 2

File /home/tomas/probot_g602_ws/build/CMakeFiles/CMakeTmp/CheckSymbolExists.c:
/* */
#include <pthread.h>

int main(int argc, char** argv)
{
  (void)argv;
#ifndef pthread_create
  return ((int*)(&pthread_create))[argc];
#else
  (void)argc;
  return 0;
#endif
}

Determining if the function pthread_create exists in the pthreads failed with the following output:
Change Dir: /home/tomas/probot_g602_ws/build/CMakeFiles/CMakeTmp

Run Build Command:"/usr/bin/make" "cmTC_fcf42/fast"
/usr/bin/make -f CMakeFiles/cmTC_fcf42.dir/build.make CMakeFiles/cmTC_fcf42.dir/build
make[1]: se entra en el directorio '/home/tomas/probot_g602_ws/build/CMakeFiles/CMakeTmp'
Building C object CMakeFiles/cmTC_fcf42.dir/CheckFunctionExists.c.o
/usr/bin/cc   -DCHECK_FUNCTION_EXISTS=pthread_create   -o CMakeFiles/cmTC_fcf42.dir/CheckFunctionExists.c.o   -c /usr/share/cmake-3.10/Modules/CheckFunctionExists.c
Linking C executable cmTC_fcf42
/usr/bin/cmake -E cmake_link_script CMakeFiles/cmTC_fcf42.dir/link.txt --verbose=1
/usr/bin/cc  -DCHECK_FUNCTION_EXISTS=pthread_create    -rdynamic CMakeFiles/cmTC_fcf42.dir/CheckFunctionExists.c.o  -o cmTC_fcf42 -lpthreads 
/usr/bin/ld: no se puede encontrar -lpthreads
collect2: error: ld returned 1 exit status
CMakeFiles/cmTC_fcf42.dir/build.make:97: fallo en las instrucciones para el objetivo 'cmTC_fcf42'
make[1]: *** [cmTC_fcf42] Error 1
make[1]: se sale del directorio '/home/tomas/probot_g602_ws/build/CMakeFiles/CMakeTmp'
Makefile:126: fallo en las instrucciones para el objetivo 'cmTC_fcf42/fast'
make: *** [cmTC_fcf42/fast] Error 2


