Determining if the pthread_create exist failed with the following output:
Change Dir: /home/tomas/probot_g602_ws/src/probot_g602/probot_g602_demo/build/CMakeFiles/CMakeTmp

Run Build Command:"/usr/bin/make" "cmTC_bcbef/fast"
/usr/bin/make -f CMakeFiles/cmTC_bcbef.dir/build.make CMakeFiles/cmTC_bcbef.dir/build
make[1]: se entra en el directorio '/home/tomas/probot_g602_ws/src/probot_g602/probot_g602_demo/build/CMakeFiles/CMakeTmp'
Building C object CMakeFiles/cmTC_bcbef.dir/CheckSymbolExists.c.o
/usr/bin/gcc-11    -o CMakeFiles/cmTC_bcbef.dir/CheckSymbolExists.c.o   -c /home/tomas/probot_g602_ws/src/probot_g602/probot_g602_demo/build/CMakeFiles/CMakeTmp/CheckSymbolExists.c
Linking C executable cmTC_bcbef
/usr/bin/cmake -E cmake_link_script CMakeFiles/cmTC_bcbef.dir/link.txt --verbose=1
/usr/bin/gcc-11      -rdynamic CMakeFiles/cmTC_bcbef.dir/CheckSymbolExists.c.o  -o cmTC_bcbef 
CMakeFiles/cmTC_bcbef.dir/CheckSymbolExists.c.o: En la función `main':
CheckSymbolExists.c:(.text+0x1b): referencia a `pthread_create' sin definir
collect2: error: ld returned 1 exit status
CMakeFiles/cmTC_bcbef.dir/build.make:97: fallo en las instrucciones para el objetivo 'cmTC_bcbef'
make[1]: *** [cmTC_bcbef] Error 1
make[1]: se sale del directorio '/home/tomas/probot_g602_ws/src/probot_g602/probot_g602_demo/build/CMakeFiles/CMakeTmp'
Makefile:126: fallo en las instrucciones para el objetivo 'cmTC_bcbef/fast'
make: *** [cmTC_bcbef/fast] Error 2

File /home/tomas/probot_g602_ws/src/probot_g602/probot_g602_demo/build/CMakeFiles/CMakeTmp/CheckSymbolExists.c:
/* */
#include <pthread.h>

int main(int argc, char** argv)
{
  (void)argv;
#ifndef pthread_create
  return ((int*)(&pthread_create))[argc];
#else
  (void)argc;
  return 0;
#endif
}

Determining if the function pthread_create exists in the pthreads failed with the following output:
Change Dir: /home/tomas/probot_g602_ws/src/probot_g602/probot_g602_demo/build/CMakeFiles/CMakeTmp

Run Build Command:"/usr/bin/make" "cmTC_bd677/fast"
/usr/bin/make -f CMakeFiles/cmTC_bd677.dir/build.make CMakeFiles/cmTC_bd677.dir/build
make[1]: se entra en el directorio '/home/tomas/probot_g602_ws/src/probot_g602/probot_g602_demo/build/CMakeFiles/CMakeTmp'
Building C object CMakeFiles/cmTC_bd677.dir/CheckFunctionExists.c.o
/usr/bin/gcc-11   -DCHECK_FUNCTION_EXISTS=pthread_create   -o CMakeFiles/cmTC_bd677.dir/CheckFunctionExists.c.o   -c /usr/share/cmake-3.10/Modules/CheckFunctionExists.c
Linking C executable cmTC_bd677
/usr/bin/cmake -E cmake_link_script CMakeFiles/cmTC_bd677.dir/link.txt --verbose=1
/usr/bin/gcc-11  -DCHECK_FUNCTION_EXISTS=pthread_create    -rdynamic CMakeFiles/cmTC_bd677.dir/CheckFunctionExists.c.o  -o cmTC_bd677 -lpthreads 
/usr/bin/ld: no se puede encontrar -lpthreads
collect2: error: ld returned 1 exit status
CMakeFiles/cmTC_bd677.dir/build.make:97: fallo en las instrucciones para el objetivo 'cmTC_bd677'
make[1]: *** [cmTC_bd677] Error 1
make[1]: se sale del directorio '/home/tomas/probot_g602_ws/src/probot_g602/probot_g602_demo/build/CMakeFiles/CMakeTmp'
Makefile:126: fallo en las instrucciones para el objetivo 'cmTC_bd677/fast'
make: *** [cmTC_bd677/fast] Error 2


